<?xml version="1.0" encoding="UTF-8"?>
<!-- Generated by org.testng.reporters.JUnitReportReporter -->
<testsuite skipped="0" hostname="DESKTOP-V3MGQCV" name="suites.HomePageTest" tests="3" failures="0" timestamp="2020-04-25T16:39:20 NZST" time="0.102" errors="0">
  <testcase name="VerifyCovidLevelText" time="0.050" classname="suites.HomePageTest"/>
  <system-out/>
  <testcase name="VerifyTitle" time="0.016" classname="suites.HomePageTest"/>
  <system-out/>
  <testcase name="VerifyCovidText" time="0.036" classname="suites.HomePageTest"/>
  <system-out/>
</testsuite> <!-- suites.HomePageTest -->
