<?xml version="1.0" encoding="UTF-8"?>
<!-- Generated by org.testng.reporters.JUnitReportReporter -->
<testsuite skipped="0" hostname="DESKTOP-V3MGQCV" name="suites.TC_002_LoginPageTest" tests="3" failures="0" timestamp="2020-04-26T15:15:43 NZST" time="4.583" errors="0">
  <testcase name="LoginTest" time="1.641" classname="suites.TC_002_LoginPageTest"/>
  <system-out/>
  <testcase name="LoginTest" time="1.473" classname="suites.TC_002_LoginPageTest"/>
  <system-out/>
  <testcase name="LoginTest" time="1.469" classname="suites.TC_002_LoginPageTest"/>
  <system-out/>
</testsuite> <!-- suites.TC_002_LoginPageTest -->
