<?xml version="1.0" encoding="UTF-8"?>
<!-- Generated by org.testng.reporters.JUnitReportReporter -->
<testsuite skipped="0" hostname="DESKTOP-V3MGQCV" name="suites.TC_001_HomePageTest" tests="3" failures="0" timestamp="2020-04-26T15:17:50 NZST" time="0.086" errors="0">
  <testcase name="VerifyCovidText" time="0.040" classname="suites.TC_001_HomePageTest"/>
  <system-out/>
  <testcase name="VerifyCovidLevelText" time="0.038" classname="suites.TC_001_HomePageTest"/>
  <system-out/>
  <testcase name="VerifyTitle" time="0.008" classname="suites.TC_001_HomePageTest"/>
  <system-out/>
</testsuite> <!-- suites.TC_001_HomePageTest -->
