<?xml version="1.0" encoding="UTF-8"?>
<!-- Generated by org.testng.reporters.JUnitReportReporter -->
<testsuite skipped="0" hostname="DESKTOP-V3MGQCV" name="suites.LoginPageTest" tests="3" failures="0" timestamp="2020-04-19T22:56:39 NZST" time="4.830" errors="0">
  <testcase name="LoginTest" time="1.697" classname="suites.LoginPageTest"/>
  <system-out/>
  <testcase name="LoginTest" time="1.664" classname="suites.LoginPageTest"/>
  <system-out/>
  <testcase name="LoginTest" time="1.469" classname="suites.LoginPageTest"/>
  <system-out/>
</testsuite> <!-- suites.LoginPageTest -->
